  1114.c
C:\Users\skunh\source\repos\c2 수업\c2 수업\1114.c(481,34): warning C4047: '-': 'char *'의 간접 참조 수준이 'char **'과(와) 다릅니다.
C:\Users\skunh\source\repos\c2 수업\c2 수업\1114.c(481,10): warning C4477: 'printf' : 서식 문자열 '%d'에 'int' 형식의 인수가 필요하지만 variadic 인수 1의 형식이 '__int64'입니다.
C:\Users\skunh\source\repos\c2 수업\c2 수업\1114.c(481,10): message : 서식 문자열에서 '%lld'을(를) 사용하는 것이 좋습니다.
C:\Users\skunh\source\repos\c2 수업\c2 수업\1114.c(481,10): message : 서식 문자열에서 '%Id'을(를) 사용하는 것이 좋습니다.
C:\Users\skunh\source\repos\c2 수업\c2 수업\1114.c(481,10): message : 서식 문자열에서 '%I64d'을(를) 사용하는 것이 좋습니다.
C:\Users\skunh\source\repos\c2 수업\c2 수업\1114.c(482,38): warning C4047: '-': 'char *'의 간접 참조 수준이 'char **'과(와) 다릅니다.
C:\Users\skunh\source\repos\c2 수업\c2 수업\1114.c(482,10): warning C4477: 'printf' : 서식 문자열 '%d'에 'int' 형식의 인수가 필요하지만 variadic 인수 1의 형식이 '__int64'입니다.
C:\Users\skunh\source\repos\c2 수업\c2 수업\1114.c(482,10): message : 서식 문자열에서 '%lld'을(를) 사용하는 것이 좋습니다.
C:\Users\skunh\source\repos\c2 수업\c2 수업\1114.c(482,10): message : 서식 문자열에서 '%Id'을(를) 사용하는 것이 좋습니다.
C:\Users\skunh\source\repos\c2 수업\c2 수업\1114.c(482,10): message : 서식 문자열에서 '%I64d'을(를) 사용하는 것이 좋습니다.
C:\Users\skunh\source\repos\c2 수업\c2 수업\1114.c(483,40): warning C4047: '-': 'char *'의 간접 참조 수준이 'char **'과(와) 다릅니다.
C:\Users\skunh\source\repos\c2 수업\c2 수업\1114.c(483,10): warning C4477: 'printf' : 서식 문자열 '%d'에 'int' 형식의 인수가 필요하지만 variadic 인수 1의 형식이 '__int64'입니다.
C:\Users\skunh\source\repos\c2 수업\c2 수업\1114.c(483,10): message : 서식 문자열에서 '%lld'을(를) 사용하는 것이 좋습니다.
C:\Users\skunh\source\repos\c2 수업\c2 수업\1114.c(483,10): message : 서식 문자열에서 '%Id'을(를) 사용하는 것이 좋습니다.
C:\Users\skunh\source\repos\c2 수업\c2 수업\1114.c(483,10): message : 서식 문자열에서 '%I64d'을(를) 사용하는 것이 좋습니다.
C:\Users\skunh\source\repos\c2 수업\c2 수업\1114.c(487,10): warning C4477: 'printf' : 서식 문자열 '%d'에 'int' 형식의 인수가 필요하지만 variadic 인수 1의 형식이 'char *'입니다.
C:\Users\skunh\source\repos\c2 수업\c2 수업\1114.c(487,10): warning C4313: 'printf': 서식 문자열의 '%d'이(가) char *' 형식의 인수 1과(와) 충돌합니다.
C:\Users\skunh\source\repos\c2 수업\c2 수업\1114.c(488,10): warning C4477: 'printf' : 서식 문자열 '%d'에 'int' 형식의 인수가 필요하지만 variadic 인수 1의 형식이 'char *'입니다.
C:\Users\skunh\source\repos\c2 수업\c2 수업\1114.c(488,10): warning C4313: 'printf': 서식 문자열의 '%d'이(가) char *' 형식의 인수 1과(와) 충돌합니다.
C:\Users\skunh\source\repos\c2 수업\c2 수업\1114.c(489,10): warning C4477: 'printf' : 서식 문자열 '%d'에 'int' 형식의 인수가 필요하지만 variadic 인수 1의 형식이 'char **'입니다.
C:\Users\skunh\source\repos\c2 수업\c2 수업\1114.c(489,10): warning C4313: 'printf': 서식 문자열의 '%d'이(가) char **' 형식의 인수 1과(와) 충돌합니다.
C:\Users\skunh\source\repos\c2 수업\c2 수업\1114.c(491,10): warning C4477: 'printf' : 서식 문자열 '%d'에 'int' 형식의 인수가 필요하지만 variadic 인수 1의 형식이 'char *(*)[5]'입니다.
C:\Users\skunh\source\repos\c2 수업\c2 수업\1114.c(491,10): warning C4313: 'printf': 서식 문자열의 '%d'이(가) char *(*)[5]' 형식의 인수 1과(와) 충돌합니다.
C:\Users\skunh\source\repos\c2 수업\c2 수업\1114.c(492,10): warning C4477: 'printf' : 서식 문자열 '%d'에 'int' 형식의 인수가 필요하지만 variadic 인수 1의 형식이 'char **'입니다.
C:\Users\skunh\source\repos\c2 수업\c2 수업\1114.c(492,10): warning C4313: 'printf': 서식 문자열의 '%d'이(가) char **' 형식의 인수 1과(와) 충돌합니다.
C:\Users\skunh\source\repos\c2 수업\c2 수업\1114.c(493,10): warning C4477: 'printf' : 서식 문자열 '%d'에 'int' 형식의 인수가 필요하지만 variadic 인수 1의 형식이 'char *'입니다.
C:\Users\skunh\source\repos\c2 수업\c2 수업\1114.c(493,10): warning C4313: 'printf': 서식 문자열의 '%d'이(가) char *' 형식의 인수 1과(와) 충돌합니다.
C:\Users\skunh\source\repos\c2 수업\c2 수업\1114.c(494,10): warning C4477: 'printf' : 서식 문자열 '%d'에 'int' 형식의 인수가 필요하지만 variadic 인수 1의 형식이 'char *'입니다.
C:\Users\skunh\source\repos\c2 수업\c2 수업\1114.c(494,10): warning C4313: 'printf': 서식 문자열의 '%d'이(가) char *' 형식의 인수 1과(와) 충돌합니다.
C:\Users\skunh\source\repos\c2 수업\c2 수업\1114.c(495,10): warning C4477: 'printf' : 서식 문자열 '%d'에 'int' 형식의 인수가 필요하지만 variadic 인수 1의 형식이 'char **'입니다.
C:\Users\skunh\source\repos\c2 수업\c2 수업\1114.c(495,10): warning C4313: 'printf': 서식 문자열의 '%d'이(가) char **' 형식의 인수 1과(와) 충돌합니다.
C:\Users\skunh\source\repos\c2 수업\c2 수업\1114.c(496,10): warning C4477: 'printf' : 서식 문자열 '%d'에 'int' 형식의 인수가 필요하지만 variadic 인수 1의 형식이 'char *'입니다.
C:\Users\skunh\source\repos\c2 수업\c2 수업\1114.c(496,10): warning C4313: 'printf': 서식 문자열의 '%d'이(가) char *' 형식의 인수 1과(와) 충돌합니다.
C:\Users\skunh\source\repos\c2 수업\c2 수업\1114.c(499,10): warning C4477: 'printf' : 서식 문자열 '%d'에 'int' 형식의 인수가 필요하지만 variadic 인수 1의 형식이 'char **'입니다.
C:\Users\skunh\source\repos\c2 수업\c2 수업\1114.c(499,10): warning C4313: 'printf': 서식 문자열의 '%d'이(가) char **' 형식의 인수 1과(와) 충돌합니다.
  c2 수업.vcxproj -> C:\Users\skunh\source\repos\c2 수업\x64\Debug\c2 수업.exe
